<?xml version="1.0" encoding="UTF-8"?>
<testng-results skipped="0" failed="0" total="1" passed="1">
  <reporter-output>
  </reporter-output>
  <suite name="Suite" duration-ms="37576" started-at="2019-05-20T07:01:38Z" finished-at="2019-05-20T07:02:16Z">
    <groups>
    </groups>
    <test name="Test" duration-ms="37576" started-at="2019-05-20T07:01:38Z" finished-at="2019-05-20T07:02:16Z">
      <class name="selenium_project.NewTest">
        <test-method status="PASS" signature="beforeTest()[pri:0, instance:selenium_project.NewTest@653222]" name="beforeTest" is-config="true" duration-ms="8091" started-at="2019-05-20T12:31:38Z" finished-at="2019-05-20T12:31:46Z">
          <reporter-output>
          </reporter-output>
        </test-method> <!-- beforeTest -->
        <test-method status="PASS" signature="testEasy()[pri:0, instance:selenium_project.NewTest@653222]" name="testEasy" duration-ms="23916" started-at="2019-05-20T12:31:46Z" finished-at="2019-05-20T12:32:10Z">
          <reporter-output>
          </reporter-output>
        </test-method> <!-- testEasy -->
        <test-method status="PASS" signature="afterTest()[pri:0, instance:selenium_project.NewTest@653222]" name="afterTest" is-config="true" duration-ms="5552" started-at="2019-05-20T12:32:10Z" finished-at="2019-05-20T12:32:16Z">
          <reporter-output>
          </reporter-output>
        </test-method> <!-- afterTest -->
      </class> <!-- selenium_project.NewTest -->
    </test> <!-- Test -->
  </suite> <!-- Suite -->
</testng-results>
