<?xml version="1.0" encoding="UTF-8"?>
<testng-results skipped="0" failed="0" total="1" passed="1">
  <reporter-output>
  </reporter-output>
  <suite name="Suite" duration-ms="36319" started-at="2019-05-22T06:54:18Z" finished-at="2019-05-22T06:54:54Z">
    <groups>
    </groups>
    <test name="Test" duration-ms="36319" started-at="2019-05-22T06:54:18Z" finished-at="2019-05-22T06:54:54Z">
      <class name="selenium_project.NewTest">
        <test-method status="PASS" signature="beforeTest()[pri:0, instance:selenium_project.NewTest@8dacdf]" name="beforeTest" is-config="true" duration-ms="7384" started-at="2019-05-22T12:24:18Z" finished-at="2019-05-22T12:24:25Z">
          <reporter-output>
          </reporter-output>
        </test-method> <!-- beforeTest -->
        <test-method status="PASS" signature="testEasy()[pri:0, instance:selenium_project.NewTest@8dacdf]" name="testEasy" duration-ms="23480" started-at="2019-05-22T12:24:26Z" finished-at="2019-05-22T12:24:49Z">
          <reporter-output>
          </reporter-output>
        </test-method> <!-- testEasy -->
        <test-method status="PASS" signature="afterTest()[pri:0, instance:selenium_project.NewTest@8dacdf]" name="afterTest" is-config="true" duration-ms="5437" started-at="2019-05-22T12:24:49Z" finished-at="2019-05-22T12:24:54Z">
          <reporter-output>
          </reporter-output>
        </test-method> <!-- afterTest -->
      </class> <!-- selenium_project.NewTest -->
    </test> <!-- Test -->
  </suite> <!-- Suite -->
</testng-results>
