<?xml version="1.0" encoding="UTF-8"?>
<testng-results skipped="0" failed="0" total="1" passed="1">
  <reporter-output>
  </reporter-output>
  <suite name="Suite" duration-ms="47224" started-at="2019-05-21T10:40:13Z" finished-at="2019-05-21T10:41:00Z">
    <groups>
    </groups>
    <test name="Test" duration-ms="47224" started-at="2019-05-21T10:40:13Z" finished-at="2019-05-21T10:41:00Z">
      <class name="selenium_project.NewTest">
        <test-method status="PASS" signature="beforeTest()[pri:0, instance:selenium_project.NewTest@8dacdf]" name="beforeTest" is-config="true" duration-ms="13122" started-at="2019-05-21T16:10:13Z" finished-at="2019-05-21T16:10:26Z">
          <reporter-output>
          </reporter-output>
        </test-method> <!-- beforeTest -->
        <test-method status="PASS" signature="testEasy()[pri:0, instance:selenium_project.NewTest@8dacdf]" name="testEasy" duration-ms="28686" started-at="2019-05-21T16:10:26Z" finished-at="2019-05-21T16:10:55Z">
          <reporter-output>
          </reporter-output>
        </test-method> <!-- testEasy -->
        <test-method status="PASS" signature="afterTest()[pri:0, instance:selenium_project.NewTest@8dacdf]" name="afterTest" is-config="true" duration-ms="5401" started-at="2019-05-21T16:10:55Z" finished-at="2019-05-21T16:11:00Z">
          <reporter-output>
          </reporter-output>
        </test-method> <!-- afterTest -->
      </class> <!-- selenium_project.NewTest -->
    </test> <!-- Test -->
  </suite> <!-- Suite -->
</testng-results>
